# JRE version: OpenJDK Runtime Environment (8.0_242-b01) (build 1.8.0_242-release-1644-b01)
# Java VM: OpenJDK 64-Bit Server VM (25.242-b01 mixed mode windows-amd64 compressed oops)
Heap:
 PSYoungGen      total 141824K, used 84676K [0x000000076b100000, 0x0000000774600000, 0x00000007c0000000)
  eden space 131072K, 64% used [0x000000076b100000,0x00000007703b1348,0x0000000773100000)
  from space 10752K, 0% used [0x0000000773100000,0x0000000773100000,0x0000000773b80000)
  to   space 10752K, 0% used [0x0000000773b80000,0x0000000773b80000,0x0000000774600000)
 ParOldGen       total 117248K, used 27972K [0x00000006c1200000, 0x00000006c8480000, 0x000000076b100000)
  object space 117248K, 23% used [0x00000006c1200000,0x00000006c2d51300,0x00000006c8480000)
 Metaspace       used 41093K, capacity 41712K, committed 41904K, reserved 1085440K
  class space    used 5129K, capacity 5280K, committed 5296K, reserved 1048576K
GC Heap History (10 events):
Event: 0.674 GC heap before
{Heap before GC invocations=1 (full 0):
 PSYoungGen      total 76288K, used 65536K [0x000000076b100000, 0x0000000770600000, 0x00000007c0000000)
  eden space 65536K, 100% used [0x000000076b100000,0x000000076f100000,0x000000076f100000)
  from space 10752K, 0% used [0x000000076fb80000,0x000000076fb80000,0x0000000770600000)
  to   space 10752K, 0% used [0x000000076f100000,0x000000076f100000,0x000000076fb80000)
 ParOldGen       total 175104K, used 0K [0x00000006c1200000, 0x00000006cbd00000, 0x000000076b100000)
  object space 175104K, 0% used [0x00000006c1200000,0x00000006c1200000,0x00000006cbd00000)
 Metaspace       used 15564K, capacity 15874K, committed 16000K, reserved 1062912K
  class space    used 1811K, capacity 1913K, committed 1920K, reserved 1048576K
Event: 0.682 GC heap after
Heap after GC invocations=1 (full 0):
 PSYoungGen      total 76288K, used 10726K [0x000000076b100000, 0x0000000774600000, 0x00000007c0000000)
  eden space 65536K, 0% used [0x000000076b100000,0x000000076b100000,0x000000076f100000)
  from space 10752K, 99% used [0x000000076f100000,0x000000076fb799a0,0x000000076fb80000)
  to   space 10752K, 0% used [0x0000000773b80000,0x0000000773b80000,0x0000000774600000)
 ParOldGen       total 175104K, used 4564K [0x00000006c1200000, 0x00000006cbd00000, 0x000000076b100000)
  object space 175104K, 2% used [0x00000006c1200000,0x00000006c1675058,0x00000006cbd00000)
 Metaspace       used 15564K, capacity 15874K, committed 16000K, reserved 1062912K
  class space    used 1811K, capacity 1913K, committed 1920K, reserved 1048576K
}
Event: 0.872 GC heap before
{Heap before GC invocations=2 (full 0):
 PSYoungGen      total 76288K, used 31059K [0x000000076b100000, 0x0000000774600000, 0x00000007c0000000)
  eden space 65536K, 31% used [0x000000076b100000,0x000000076c4db4b8,0x000000076f100000)
  from space 10752K, 99% used [0x000000076f100000,0x000000076fb799a0,0x000000076fb80000)
  to   space 10752K, 0% used [0x0000000773b80000,0x0000000773b80000,0x0000000774600000)
 ParOldGen       total 175104K, used 4564K [0x00000006c1200000, 0x00000006cbd00000, 0x000000076b100000)
  object space 175104K, 2% used [0x00000006c1200000,0x00000006c1675058,0x00000006cbd00000)
 Metaspace       used 20789K, capacity 21188K, committed 21296K, reserved 1069056K
  class space    used 2454K, capacity 2594K, committed 2608K, reserved 1048576K
Event: 0.878 GC heap after
Heap after GC invocations=2 (full 0):
 PSYoungGen      total 141824K, used 9756K [0x000000076b100000, 0x0000000774600000, 0x00000007c0000000)
  eden space 131072K, 0% used [0x000000076b100000,0x000000076b100000,0x0000000773100000)
  from space 10752K, 90% used [0x0000000773b80000,0x0000000774507158,0x0000000774600000)
  to   space 10752K, 0% used [0x0000000773100000,0x0000000773100000,0x0000000773b80000)
 ParOldGen       total 175104K, used 4636K [0x00000006c1200000, 0x00000006cbd00000, 0x000000076b100000)
  object space 175104K, 2% used [0x00000006c1200000,0x00000006c1687068,0x00000006cbd00000)
 Metaspace       used 20789K, capacity 21188K, committed 21296K, reserved 1069056K
  class space    used 2454K, capacity 2594K, committed 2608K, reserved 1048576K
}
Event: 0.878 GC heap before
{Heap before GC invocations=3 (full 1):
 PSYoungGen      total 141824K, used 9756K [0x000000076b100000, 0x0000000774600000, 0x00000007c0000000)
  eden space 131072K, 0% used [0x000000076b100000,0x000000076b100000,0x0000000773100000)
  from space 10752K, 90% used [0x0000000773b80000,0x0000000774507158,0x0000000774600000)
  to   space 10752K, 0% used [0x0000000773100000,0x0000000773100000,0x0000000773b80000)
 ParOldGen       total 175104K, used 4636K [0x00000006c1200000, 0x00000006cbd00000, 0x000000076b100000)
  object space 175104K, 2% used [0x00000006c1200000,0x00000006c1687068,0x00000006cbd00000)
 Metaspace       used 20789K, capacity 21188K, committed 21296K, reserved 1069056K
  class space    used 2454K, capacity 2594K, committed 2608K, reserved 1048576K
Event: 0.900 GC heap after
Heap after GC invocations=3 (full 1):
 PSYoungGen      total 141824K, used 0K [0x000000076b100000, 0x0000000774600000, 0x00000007c0000000)
  eden space 131072K, 0% used [0x000000076b100000,0x000000076b100000,0x0000000773100000)
  from space 10752K, 0% used [0x0000000773b80000,0x0000000773b80000,0x0000000774600000)
  to   space 10752K, 0% used [0x0000000773100000,0x0000000773100000,0x0000000773b80000)
 ParOldGen       total 117248K, used 9391K [0x00000006c1200000, 0x00000006c8480000, 0x000000076b100000)
  object space 117248K, 8% used [0x00000006c1200000,0x00000006c1b2bec8,0x00000006c8480000)
 Metaspace       used 20789K, capacity 21188K, committed 21296K, reserved 1069056K
  class space    used 2454K, capacity 2594K, committed 2608K, reserved 1048576K
}
Event: 1.805 GC heap before
{Heap before GC invocations=4 (full 1):
 PSYoungGen      total 141824K, used 95779K [0x000000076b100000, 0x0000000774600000, 0x00000007c0000000)
  eden space 131072K, 73% used [0x000000076b100000,0x0000000770e88d30,0x0000000773100000)
  from space 10752K, 0% used [0x0000000773b80000,0x0000000773b80000,0x0000000774600000)
  to   space 10752K, 0% used [0x0000000773100000,0x0000000773100000,0x0000000773b80000)
 ParOldGen       total 117248K, used 9391K [0x00000006c1200000, 0x00000006c8480000, 0x000000076b100000)
  object space 117248K, 8% used [0x00000006c1200000,0x00000006c1b2bec8,0x00000006c8480000)
 Metaspace       used 34726K, capacity 35210K, committed 35496K, reserved 1081344K
  class space    used 4419K, capacity 4553K, committed 4656K, reserved 1048576K
Event: 1.816 GC heap after
Heap after GC invocations=4 (full 1):
 PSYoungGen      total 141824K, used 10728K [0x000000076b100000, 0x0000000774600000, 0x00000007c0000000)
  eden space 131072K, 0% used [0x000000076b100000,0x000000076b100000,0x0000000773100000)
  from space 10752K, 99% used [0x0000000773100000,0x0000000773b7a378,0x0000000773b80000)
  to   space 10752K, 0% used [0x0000000773b80000,0x0000000773b80000,0x0000000774600000)
 ParOldGen       total 117248K, used 21545K [0x00000006c1200000, 0x00000006c8480000, 0x000000076b100000)
  object space 117248K, 18% used [0x00000006c1200000,0x00000006c270a718,0x00000006c8480000)
 Metaspace       used 34726K, capacity 35210K, committed 35496K, reserved 1081344K
  class space    used 4419K, capacity 4553K, committed 4656K, reserved 1048576K
}
Event: 1.816 GC heap before
{Heap before GC invocations=5 (full 2):
 PSYoungGen      total 141824K, used 10728K [0x000000076b100000, 0x0000000774600000, 0x00000007c0000000)
  eden space 131072K, 0% used [0x000000076b100000,0x000000076b100000,0x0000000773100000)
  from space 10752K, 99% used [0x0000000773100000,0x0000000773b7a378,0x0000000773b80000)
  to   space 10752K, 0% used [0x0000000773b80000,0x0000000773b80000,0x0000000774600000)
 ParOldGen       total 117248K, used 21545K [0x00000006c1200000, 0x00000006c8480000, 0x000000076b100000)
  object space 117248K, 18% used [0x00000006c1200000,0x00000006c270a718,0x00000006c8480000)
 Metaspace       used 34726K, capacity 35210K, committed 35496K, reserved 1081344K
  class space    used 4419K, capacity 4553K, committed 4656K, reserved 1048576K
Event: 1.847 GC heap after
Heap after GC invocations=5 (full 2):
 PSYoungGen      total 141824K, used 0K [0x000000076b100000, 0x0000000774600000, 0x00000007c0000000)
  eden space 131072K, 0% used [0x000000076b100000,0x000000076b100000,0x0000000773100000)
  from space 10752K, 0% used [0x0000000773100000,0x0000000773100000,0x0000000773b80000)
  to   space 10752K, 0% used [0x0000000773b80000,0x0000000773b80000,0x0000000774600000)
 ParOldGen       total 117248K, used 27972K [0x00000006c1200000, 0x00000006c8480000, 0x000000076b100000)
  object space 117248K, 23% used [0x00000006c1200000,0x00000006c2d51300,0x00000006c8480000)
 Metaspace       used 34726K, capacity 35210K, committed 35496K, reserved 1081344K
  class space    used 4419K, capacity 4553K, committed 4656K, reserved 1048576K
}

